Searching for include files...
Searching for example files...
Searching for images...
Searching for dot files...
Searching for files to exclude
Searching for files to process...
Searching for files in directory /home/marek/workspace/c++/ProjectLack/src
Searching for files in directory /home/marek/workspace/c++/ProjectLack/src/.svn
Searching for files in directory /home/marek/workspace/c++/ProjectLack/src/.svn/prop-base
Searching for files in directory /home/marek/workspace/c++/ProjectLack/src/.svn/props
Searching for files in directory /home/marek/workspace/c++/ProjectLack/src/.svn/text-base
Searching for files in directory /home/marek/workspace/c++/ProjectLack/src/.svn/tmp
Searching for files in directory /home/marek/workspace/c++/ProjectLack/src/.svn/tmp/prop-base
Searching for files in directory /home/marek/workspace/c++/ProjectLack/src/.svn/tmp/props
Searching for files in directory /home/marek/workspace/c++/ProjectLack/src/.svn/tmp/text-base
Searching for files in directory /home/marek/workspace/c++/ProjectLack/src/debug
Searching for files in directory /home/marek/workspace/c++/ProjectLack/src/debug/.svn
Searching for files in directory /home/marek/workspace/c++/ProjectLack/src/debug/.svn/prop-base
Searching for files in directory /home/marek/workspace/c++/ProjectLack/src/debug/.svn/props
Searching for files in directory /home/marek/workspace/c++/ProjectLack/src/debug/.svn/text-base
Searching for files in directory /home/marek/workspace/c++/ProjectLack/src/debug/.svn/tmp
Searching for files in directory /home/marek/workspace/c++/ProjectLack/src/debug/.svn/tmp/prop-base
Searching for files in directory /home/marek/workspace/c++/ProjectLack/src/debug/.svn/tmp/props
Searching for files in directory /home/marek/workspace/c++/ProjectLack/src/debug/.svn/tmp/text-base
Searching for files in directory /home/marek/workspace/c++/ProjectLack/src/Main
Searching for files in directory /home/marek/workspace/c++/ProjectLack/src/Main/.svn
Searching for files in directory /home/marek/workspace/c++/ProjectLack/src/Main/.svn/prop-base
Searching for files in directory /home/marek/workspace/c++/ProjectLack/src/Main/.svn/props
Searching for files in directory /home/marek/workspace/c++/ProjectLack/src/Main/.svn/text-base
Searching for files in directory /home/marek/workspace/c++/ProjectLack/src/Main/.svn/tmp
Searching for files in directory /home/marek/workspace/c++/ProjectLack/src/Main/.svn/tmp/prop-base
Searching for files in directory /home/marek/workspace/c++/ProjectLack/src/Main/.svn/tmp/props
Searching for files in directory /home/marek/workspace/c++/ProjectLack/src/Main/.svn/tmp/text-base
Searching for files in directory /home/marek/workspace/c++/ProjectLack/src/ProtocolModule
Searching for files in directory /home/marek/workspace/c++/ProjectLack/src/ProtocolModule/.svn
Searching for files in directory /home/marek/workspace/c++/ProjectLack/src/ProtocolModule/.svn/prop-base
Searching for files in directory /home/marek/workspace/c++/ProjectLack/src/ProtocolModule/.svn/props
Searching for files in directory /home/marek/workspace/c++/ProjectLack/src/ProtocolModule/.svn/text-base
Searching for files in directory /home/marek/workspace/c++/ProjectLack/src/ProtocolModule/.svn/tmp
Searching for files in directory /home/marek/workspace/c++/ProjectLack/src/ProtocolModule/.svn/tmp/prop-base
Searching for files in directory /home/marek/workspace/c++/ProjectLack/src/ProtocolModule/.svn/tmp/props
Searching for files in directory /home/marek/workspace/c++/ProjectLack/src/ProtocolModule/.svn/tmp/text-base
Searching for files in directory /home/marek/workspace/c++/ProjectLack/src/ProtocolModule/RTP
Searching for files in directory /home/marek/workspace/c++/ProjectLack/src/ProtocolModule/RTP/.svn
Searching for files in directory /home/marek/workspace/c++/ProjectLack/src/ProtocolModule/RTP/.svn/prop-base
Searching for files in directory /home/marek/workspace/c++/ProjectLack/src/ProtocolModule/RTP/.svn/props
Searching for files in directory /home/marek/workspace/c++/ProjectLack/src/ProtocolModule/RTP/.svn/text-base
Searching for files in directory /home/marek/workspace/c++/ProjectLack/src/ProtocolModule/RTP/.svn/tmp
Searching for files in directory /home/marek/workspace/c++/ProjectLack/src/ProtocolModule/RTP/.svn/tmp/prop-base
Searching for files in directory /home/marek/workspace/c++/ProjectLack/src/ProtocolModule/RTP/.svn/tmp/props
Searching for files in directory /home/marek/workspace/c++/ProjectLack/src/ProtocolModule/RTP/.svn/tmp/text-base
Searching for files in directory /home/marek/workspace/c++/ProjectLack/src/ProtocolModule/SIP
Searching for files in directory /home/marek/workspace/c++/ProjectLack/src/ProtocolModule/SIP/.svn
Searching for files in directory /home/marek/workspace/c++/ProjectLack/src/ProtocolModule/SIP/.svn/prop-base
Searching for files in directory /home/marek/workspace/c++/ProjectLack/src/ProtocolModule/SIP/.svn/props
Searching for files in directory /home/marek/workspace/c++/ProjectLack/src/ProtocolModule/SIP/.svn/text-base
Searching for files in directory /home/marek/workspace/c++/ProjectLack/src/ProtocolModule/SIP/.svn/tmp
Searching for files in directory /home/marek/workspace/c++/ProjectLack/src/ProtocolModule/SIP/.svn/tmp/prop-base
Searching for files in directory /home/marek/workspace/c++/ProjectLack/src/ProtocolModule/SIP/.svn/tmp/props
Searching for files in directory /home/marek/workspace/c++/ProjectLack/src/ProtocolModule/SIP/.svn/tmp/text-base
Searching for files in directory /home/marek/workspace/c++/ProjectLack/src/Util
Searching for files in directory /home/marek/workspace/c++/ProjectLack/src/Util/.svn
Searching for files in directory /home/marek/workspace/c++/ProjectLack/src/Util/.svn/prop-base
Searching for files in directory /home/marek/workspace/c++/ProjectLack/src/Util/.svn/props
Searching for files in directory /home/marek/workspace/c++/ProjectLack/src/Util/.svn/text-base
Searching for files in directory /home/marek/workspace/c++/ProjectLack/src/Util/.svn/tmp
Searching for files in directory /home/marek/workspace/c++/ProjectLack/src/Util/.svn/tmp/prop-base
Searching for files in directory /home/marek/workspace/c++/ProjectLack/src/Util/.svn/tmp/props
Searching for files in directory /home/marek/workspace/c++/ProjectLack/src/Util/.svn/tmp/text-base
Searching for files in directory /home/marek/workspace/c++/ProjectLack/src/Util/Observer
Searching for files in directory /home/marek/workspace/c++/ProjectLack/src/Util/Observer/.svn
Searching for files in directory /home/marek/workspace/c++/ProjectLack/src/Util/Observer/.svn/prop-base
Searching for files in directory /home/marek/workspace/c++/ProjectLack/src/Util/Observer/.svn/props
Searching for files in directory /home/marek/workspace/c++/ProjectLack/src/Util/Observer/.svn/text-base
Searching for files in directory /home/marek/workspace/c++/ProjectLack/src/Util/Observer/.svn/tmp
Searching for files in directory /home/marek/workspace/c++/ProjectLack/src/Util/Observer/.svn/tmp/prop-base
Searching for files in directory /home/marek/workspace/c++/ProjectLack/src/Util/Observer/.svn/tmp/props
Searching for files in directory /home/marek/workspace/c++/ProjectLack/src/Util/Observer/.svn/tmp/text-base
Searching for files in directory /home/marek/workspace/c++/ProjectLack/src/VoIPModule
Searching for files in directory /home/marek/workspace/c++/ProjectLack/src/VoIPModule/.svn
Searching for files in directory /home/marek/workspace/c++/ProjectLack/src/VoIPModule/.svn/prop-base
Searching for files in directory /home/marek/workspace/c++/ProjectLack/src/VoIPModule/.svn/props
Searching for files in directory /home/marek/workspace/c++/ProjectLack/src/VoIPModule/.svn/text-base
Searching for files in directory /home/marek/workspace/c++/ProjectLack/src/VoIPModule/.svn/tmp
Searching for files in directory /home/marek/workspace/c++/ProjectLack/src/VoIPModule/.svn/tmp/prop-base
Searching for files in directory /home/marek/workspace/c++/ProjectLack/src/VoIPModule/.svn/tmp/props
Searching for files in directory /home/marek/workspace/c++/ProjectLack/src/VoIPModule/.svn/tmp/text-base
Searching for files in directory /home/marek/workspace/c++/ProjectLack/src/VoIPPacketsManager
Searching for files in directory /home/marek/workspace/c++/ProjectLack/src/VoIPPacketsManager/.svn
Searching for files in directory /home/marek/workspace/c++/ProjectLack/src/VoIPPacketsManager/.svn/prop-base
Searching for files in directory /home/marek/workspace/c++/ProjectLack/src/VoIPPacketsManager/.svn/props
Searching for files in directory /home/marek/workspace/c++/ProjectLack/src/VoIPPacketsManager/.svn/text-base
Searching for files in directory /home/marek/workspace/c++/ProjectLack/src/VoIPPacketsManager/.svn/tmp
Searching for files in directory /home/marek/workspace/c++/ProjectLack/src/VoIPPacketsManager/.svn/tmp/prop-base
Searching for files in directory /home/marek/workspace/c++/ProjectLack/src/VoIPPacketsManager/.svn/tmp/props
Searching for files in directory /home/marek/workspace/c++/ProjectLack/src/VoIPPacketsManager/.svn/tmp/text-base
Reading and parsing tag files
Preprocessing /home/marek/workspace/c++/ProjectLack/src/debug/debug.cpp...
Parsing file /home/marek/workspace/c++/ProjectLack/src/debug/debug.cpp...
Preprocessing /home/marek/workspace/c++/ProjectLack/src/debug/debug.h...
Parsing file /home/marek/workspace/c++/ProjectLack/src/debug/debug.h...
Preprocessing /home/marek/workspace/c++/ProjectLack/src/Main/Config.cpp...
Parsing file /home/marek/workspace/c++/ProjectLack/src/Main/Config.cpp...
Preprocessing /home/marek/workspace/c++/ProjectLack/src/Main/Config.h...
Parsing file /home/marek/workspace/c++/ProjectLack/src/Main/Config.h...
Preprocessing /home/marek/workspace/c++/ProjectLack/src/Main/Main.cpp...
Parsing file /home/marek/workspace/c++/ProjectLack/src/Main/Main.cpp...
Preprocessing /home/marek/workspace/c++/ProjectLack/src/Main/Main.h...
Parsing file /home/marek/workspace/c++/ProjectLack/src/Main/Main.h...
Preprocessing /home/marek/workspace/c++/ProjectLack/src/main.cpp...
Parsing file /home/marek/workspace/c++/ProjectLack/src/main.cpp...
Preprocessing /home/marek/workspace/c++/ProjectLack/src/ProtocolModule/ProtocolModule.cpp...
Parsing file /home/marek/workspace/c++/ProjectLack/src/ProtocolModule/ProtocolModule.cpp...
Preprocessing /home/marek/workspace/c++/ProjectLack/src/ProtocolModule/ProtocolModule.h...
Parsing file /home/marek/workspace/c++/ProjectLack/src/ProtocolModule/ProtocolModule.h...
Preprocessing /home/marek/workspace/c++/ProjectLack/src/ProtocolModule/RTP/DeserializationException.cpp...
Parsing file /home/marek/workspace/c++/ProjectLack/src/ProtocolModule/RTP/DeserializationException.cpp...
Preprocessing /home/marek/workspace/c++/ProjectLack/src/ProtocolModule/RTP/DeserializationException.h...
Parsing file /home/marek/workspace/c++/ProjectLack/src/ProtocolModule/RTP/DeserializationException.h...
Preprocessing /home/marek/workspace/c++/ProjectLack/src/ProtocolModule/RTP/main.cpp...
Parsing file /home/marek/workspace/c++/ProjectLack/src/ProtocolModule/RTP/main.cpp...
Preprocessing /home/marek/workspace/c++/ProjectLack/src/ProtocolModule/RTP/RTPAgent.cpp...
Parsing file /home/marek/workspace/c++/ProjectLack/src/ProtocolModule/RTP/RTPAgent.cpp...
Preprocessing /home/marek/workspace/c++/ProjectLack/src/ProtocolModule/RTP/RTPAgent.h...
Parsing file /home/marek/workspace/c++/ProjectLack/src/ProtocolModule/RTP/RTPAgent.h...
Preprocessing /home/marek/workspace/c++/ProjectLack/src/ProtocolModule/RTP/RTPConstants.h...
Parsing file /home/marek/workspace/c++/ProjectLack/src/ProtocolModule/RTP/RTPConstants.h...
Preprocessing /home/marek/workspace/c++/ProjectLack/src/ProtocolModule/RTP/RTPHeader.cpp...
Parsing file /home/marek/workspace/c++/ProjectLack/src/ProtocolModule/RTP/RTPHeader.cpp...
Preprocessing /home/marek/workspace/c++/ProjectLack/src/ProtocolModule/RTP/RTPHeader.h...
Parsing file /home/marek/workspace/c++/ProjectLack/src/ProtocolModule/RTP/RTPHeader.h...
Preprocessing /home/marek/workspace/c++/ProjectLack/src/ProtocolModule/RTP/RTPPacket.cpp...
Parsing file /home/marek/workspace/c++/ProjectLack/src/ProtocolModule/RTP/RTPPacket.cpp...
Preprocessing /home/marek/workspace/c++/ProjectLack/src/ProtocolModule/RTP/RTPPacket.h...
Parsing file /home/marek/workspace/c++/ProjectLack/src/ProtocolModule/RTP/RTPPacket.h...
Preprocessing /home/marek/workspace/c++/ProjectLack/src/ProtocolModule/SIP/main.cpp...
Parsing file /home/marek/workspace/c++/ProjectLack/src/ProtocolModule/SIP/main.cpp...
Preprocessing /home/marek/workspace/c++/ProjectLack/src/ProtocolModule/SIP/parsing.cpp...
Parsing file /home/marek/workspace/c++/ProjectLack/src/ProtocolModule/SIP/parsing.cpp...
Preprocessing /home/marek/workspace/c++/ProjectLack/src/ProtocolModule/SIP/parsing.h...
Parsing file /home/marek/workspace/c++/ProjectLack/src/ProtocolModule/SIP/parsing.h...
Preprocessing /home/marek/workspace/c++/ProjectLack/src/ProtocolModule/SIP/semaphore.h...
Parsing file /home/marek/workspace/c++/ProjectLack/src/ProtocolModule/SIP/semaphore.h...
Preprocessing /home/marek/workspace/c++/ProjectLack/src/ProtocolModule/SIP/sip_agent.cpp...
Parsing file /home/marek/workspace/c++/ProjectLack/src/ProtocolModule/SIP/sip_agent.cpp...
Preprocessing /home/marek/workspace/c++/ProjectLack/src/ProtocolModule/SIP/sip_agent.h...
Parsing file /home/marek/workspace/c++/ProjectLack/src/ProtocolModule/SIP/sip_agent.h...
Preprocessing /home/marek/workspace/c++/ProjectLack/src/ProtocolModule/SIP/sip_authentication.cpp...
Parsing file /home/marek/workspace/c++/ProjectLack/src/ProtocolModule/SIP/sip_authentication.cpp...
Preprocessing /home/marek/workspace/c++/ProjectLack/src/ProtocolModule/SIP/sip_authentication.h...
Parsing file /home/marek/workspace/c++/ProjectLack/src/ProtocolModule/SIP/sip_authentication.h...
Preprocessing /home/marek/workspace/c++/ProjectLack/src/ProtocolModule/SIP/sip_message.cpp...
Parsing file /home/marek/workspace/c++/ProjectLack/src/ProtocolModule/SIP/sip_message.cpp...
Preprocessing /home/marek/workspace/c++/ProjectLack/src/ProtocolModule/SIP/sip_message.h...
Parsing file /home/marek/workspace/c++/ProjectLack/src/ProtocolModule/SIP/sip_message.h...
Preprocessing /home/marek/workspace/c++/ProjectLack/src/Util/FileOperations.h...
Parsing file /home/marek/workspace/c++/ProjectLack/src/Util/FileOperations.h...
Preprocessing /home/marek/workspace/c++/ProjectLack/src/Util/Net.cpp...
Parsing file /home/marek/workspace/c++/ProjectLack/src/Util/Net.cpp...
Preprocessing /home/marek/workspace/c++/ProjectLack/src/Util/Net.h...
Parsing file /home/marek/workspace/c++/ProjectLack/src/Util/Net.h...
Preprocessing /home/marek/workspace/c++/ProjectLack/src/Util/Observer/Observable.cpp...
Parsing file /home/marek/workspace/c++/ProjectLack/src/Util/Observer/Observable.cpp...
Preprocessing /home/marek/workspace/c++/ProjectLack/src/Util/Observer/Observable.h...
Parsing file /home/marek/workspace/c++/ProjectLack/src/Util/Observer/Observable.h...
Preprocessing /home/marek/workspace/c++/ProjectLack/src/Util/Observer/Observer.h...
Parsing file /home/marek/workspace/c++/ProjectLack/src/Util/Observer/Observer.h...
Preprocessing /home/marek/workspace/c++/ProjectLack/src/Util/SynchronizedQueue.cpp...
Parsing file /home/marek/workspace/c++/ProjectLack/src/Util/SynchronizedQueue.cpp...
Preprocessing /home/marek/workspace/c++/ProjectLack/src/Util/SynchronizedQueue.h...
Parsing file /home/marek/workspace/c++/ProjectLack/src/Util/SynchronizedQueue.h...
Preprocessing /home/marek/workspace/c++/ProjectLack/src/Util/timer.h...
Parsing file /home/marek/workspace/c++/ProjectLack/src/Util/timer.h...
Preprocessing /home/marek/workspace/c++/ProjectLack/src/VoIPModule/VoIPModule.cpp...
Parsing file /home/marek/workspace/c++/ProjectLack/src/VoIPModule/VoIPModule.cpp...
Preprocessing /home/marek/workspace/c++/ProjectLack/src/VoIPModule/VoIPModule.h...
Parsing file /home/marek/workspace/c++/ProjectLack/src/VoIPModule/VoIPModule.h...
Preprocessing /home/marek/workspace/c++/ProjectLack/src/VoIPPacketsManager/NoSteg.cpp...
Parsing file /home/marek/workspace/c++/ProjectLack/src/VoIPPacketsManager/NoSteg.cpp...
Preprocessing /home/marek/workspace/c++/ProjectLack/src/VoIPPacketsManager/NoSteg.h...
Parsing file /home/marek/workspace/c++/ProjectLack/src/VoIPPacketsManager/NoSteg.h...
Preprocessing /home/marek/workspace/c++/ProjectLack/src/VoIPPacketsManager/StegLACK.cpp...
Parsing file /home/marek/workspace/c++/ProjectLack/src/VoIPPacketsManager/StegLACK.cpp...
Preprocessing /home/marek/workspace/c++/ProjectLack/src/VoIPPacketsManager/StegLACK.h...
Parsing file /home/marek/workspace/c++/ProjectLack/src/VoIPPacketsManager/StegLACK.h...
Preprocessing /home/marek/workspace/c++/ProjectLack/src/VoIPPacketsManager/VoIPPacketsManager.cpp...
Parsing file /home/marek/workspace/c++/ProjectLack/src/VoIPPacketsManager/VoIPPacketsManager.cpp...
Preprocessing /home/marek/workspace/c++/ProjectLack/src/VoIPPacketsManager/VoIPPacketsManager.h...
Parsing file /home/marek/workspace/c++/ProjectLack/src/VoIPPacketsManager/VoIPPacketsManager.h...
Building group list...
Building directory list...
Building namespace list...
Building file list...
Building class list...
Associating documentation with classes...
Computing nesting relations for classes...
Building example list...
Searching for enumerations...
Searching for documented typedefs...
Searching for members imported via using declarations...
Searching for included using directives...
Searching for documented variables...
Building member list...
Searching for friends...
Searching for documented defines...
Computing class inheritance relations...
Computing class usage relations...
Flushing cached template relations that have become invalid...
Creating members for template instances...
Computing class relations...
Add enum values to enums...
Searching for member function documentation...
Building page list...
Search for main page...
Computing page relations...
Determining the scope of groups...
Sorting lists...
Freeing entry tree
Determining which enums are documented
Computing member relations...
Building full member lists recursively...
Adding members to member groups.
Computing member references...
Inheriting documentation...
Generating disk names...
Adding source references...
Adding todo/test/bug list items...
Counting data structures...
Resolving user defined references...
Finding anchors and sections in the documentation...
Combining using relations...
Adding members to index pages...
Generating style sheet...
Generating index page...
Generating page index...
Generating example documentation...
Generating file sources...
Generating code for file Config.cpp...
Generating code for file Config.h...
Generating code for file debug.cpp...
Generating code for file debug.h...
Generating code for file DeserializationException.cpp...
Generating code for file DeserializationException.h...
Generating code for file FileOperations.h...
Generating code for file main.cpp...
Generating code for file main.cpp...
Generating code for file main.cpp...
Generating code for file Main.cpp...
Generating code for file Main.h...
Generating code for file Net.cpp...
Generating code for file Net.h...
Generating code for file NoSteg.cpp...
Generating code for file NoSteg.h...
Generating code for file Observable.cpp...
Generating code for file Observable.h...
Generating code for file Observer.h...
Generating code for file parsing.cpp...
Generating code for file parsing.h...
Generating code for file ProtocolModule.cpp...
Generating code for file ProtocolModule.h...
Generating code for file RTPAgent.cpp...
Generating code for file RTPAgent.h...
Generating code for file RTPConstants.h...
Generating code for file RTPHeader.cpp...
Generating code for file RTPHeader.h...
Generating code for file RTPPacket.cpp...
Generating code for file RTPPacket.h...
Generating code for file semaphore.h...
Generating code for file sip_agent.cpp...
Generating code for file sip_agent.h...
Generating code for file sip_authentication.cpp...
Generating code for file sip_authentication.h...
Generating code for file sip_message.cpp...
Generating code for file sip_message.h...
Generating code for file StegLACK.cpp...
Generating code for file StegLACK.h...
Generating code for file SynchronizedQueue.cpp...
Generating code for file SynchronizedQueue.h...
Generating code for file timer.h...
Generating code for file VoIPModule.cpp...
Generating code for file VoIPModule.h...
Generating code for file VoIPPacketsManager.cpp...
Generating code for file VoIPPacketsManager.h...
Generating file documentation...
Generating docs for file Config.cpp...
Generating docs for file Config.h...
Generating docs for file debug.cpp...
Generating docs for file debug.h...
Generating docs for file DeserializationException.cpp...
Generating docs for file DeserializationException.h...
Generating docs for file FileOperations.h...
Generating docs for file main.cpp...
Generating docs for file main.cpp...
Generating docs for file main.cpp...
Generating docs for file Main.cpp...
Generating docs for file Main.h...
Generating docs for file Net.cpp...
Generating docs for file Net.h...
Generating docs for file NoSteg.cpp...
Generating docs for file NoSteg.h...
Generating docs for file Observable.cpp...
Generating docs for file Observable.h...
Generating docs for file Observer.h...
Generating docs for file parsing.cpp...
Generating docs for file parsing.h...
Generating docs for file ProtocolModule.cpp...
Generating docs for file ProtocolModule.h...
Generating docs for file RTPAgent.cpp...
Generating docs for file RTPAgent.h...
Generating docs for file RTPConstants.h...
Generating docs for file RTPHeader.cpp...
Generating docs for file RTPHeader.h...
Generating docs for file RTPPacket.cpp...
Generating docs for file RTPPacket.h...
Generating docs for file semaphore.h...
Generating docs for file sip_agent.cpp...
Generating docs for file sip_agent.h...
Generating docs for file sip_authentication.cpp...
Generating docs for file sip_authentication.h...
Generating docs for file sip_message.cpp...
Generating docs for file sip_message.h...
Generating docs for file StegLACK.cpp...
Generating docs for file StegLACK.h...
Generating docs for file SynchronizedQueue.cpp...
Generating docs for file SynchronizedQueue.h...
Generating docs for file timer.h...
Generating docs for file VoIPModule.cpp...
Generating docs for file VoIPModule.h...
Generating docs for file VoIPPacketsManager.cpp...
Generating docs for file VoIPPacketsManager.h...
Generating page documentation...
Generating group documentation...
Generating group index...
Generating class documentation...
Generating annotated compound index...
Generating alphabetical compound index...
Generating hierarchical class index...
Generating member index...
Generating docs for compound CallInfo...
Generating docs for compound Config...
Generating docs for compound Dbg...
Generating docs for compound DeserializationException...
Generating docs for compound FileOperations...
Generating docs for compound Main...
Generating docs for compound Net...
Generating docs for compound NoSteg...
Generating docs for compound Observable...
Generating docs for compound Observer...
Generating docs for compound ProtocolModule...
Generating docs for compound RTPAgent...
Generating docs for compound RTPHeader...
Generating docs for compound RTPPacket...
Generating docs for compound Semaphore...
Generating docs for compound SIP_Agent...
Generating docs for compound SIP_Authentication...
Generating docs for compound SIP_Info...
Generating docs for compound SIP_Message...
Generating docs for compound StegLACK...
Generating docs for compound StegSeqElem...
Generating docs for compound SynchronizedQueue...
Generating docs for compound Timer...
Generating docs for compound VoIPModule...
Generating docs for compound VoIPPacketsManager...
Generating namespace index...
Generating namespace member index...
Generating graph info page...
Generating file index...
Generating example index...
Generating file member index...
